\BOOKMARK [0][-]{coverpage.0}{\376\377\134\001\227\142}{}% 1
\BOOKMARK [0][-]{titlepage.0}{\376\377\116\055\145\207\230\230\124\015\230\165}{}% 2
\BOOKMARK [0][-]{englishtitlepage.0}{\376\377\202\361\145\207\230\230\124\015\230\165}{}% 3
\BOOKMARK [0][-]{verticaltitlepage.0}{\376\377\172\326\143\222\230\230\124\015\230\165}{}% 4
\BOOKMARK [0][-]{declaration&authorization.0}{\376\377\130\360\146\016\124\214\143\210\147\103\230\165}{}% 5
\BOOKMARK [0][-]{abstract.0}{\376\377\116\055\145\207\144\130\211\201}{}% 6
\BOOKMARK [0][-]{englishabstract.0}{\376\377\202\361\145\207\144\130\211\201}{}% 7
\BOOKMARK [0][-]{toc.0}{\376\377\166\356\137\125}{}% 8
\BOOKMARK [0][-]{listoffigures.0}{\376\377\143\322\126\376}{}% 9
\BOOKMARK [0][-]{listoftables.0}{\376\377\226\104\210\150}{}% 10
\BOOKMARK [0][-]{denotation.0}{\376\377\154\350\221\312\210\150}{}% 11
\BOOKMARK [0][-]{chapter.1}{\376\377\173\054\0001\172\340\000\040\000\040\176\352\213\272}{}% 12
\BOOKMARK [1][-]{section.1.1}{\376\377\0001\000.\0001\000\040\147\054\213\272\145\207\170\024\172\166\166\204\166\356\166\204\124\214\141\017\116\111}{chapter.1}% 13
\BOOKMARK [1][-]{section.1.2}{\376\377\0001\000.\0002\000\040\126\375\121\205\131\026\170\024\172\166\163\260\162\266\123\312\123\321\134\125\215\213\122\277}{chapter.1}% 14
\BOOKMARK [2][-]{subsection.1.2.1}{\376\377\0001\000.\0002\000.\0001\000\040\137\142\162\266\213\260\137\306\200\132\154\050\221\157\166\204\137\142\162\266\213\260\137\306\147\072\164\006}{section.1.2}% 15
\BOOKMARK [2][-]{subsection.1.2.2}{\376\377\0001\000.\0002\000.\0002\000\040\137\142\162\266\213\260\137\306\200\132\154\050\221\157\166\204\170\024\172\166\217\333\134\125}{section.1.2}% 16
\BOOKMARK [2][-]{subsection.1.2.3}{\376\377\0001\000.\0002\000.\0003\000\040\154\064\174\373\200\132\154\050\221\157\123\312\200\132\154\050\221\157\145\164\164\006\122\102}{section.1.2}% 17
\BOOKMARK [0][-]{chapter*.9}{\376\377\176\323\213\272}{}% 18
\BOOKMARK [0][-]{chapter*.10}{\376\377\123\302\200\003\145\207\163\056}{}% 19
\BOOKMARK [0][-]{appendix.A}{\376\377\226\104\137\125\000\040\000A\000\040\000\040\000*\000*\000*}{}% 20
\BOOKMARK [0][-]{appendix.B}{\376\377\226\104\137\125\000\040\000B\000\040\000\040\000M\000a\000x\000w\000e\000l\000l\000\040\000E\000q\000u\000a\000t\000i\000o\000n\000s}{}% 21
\BOOKMARK [0][-]{appendix*.11}{\376\377\145\073\213\373\133\146\117\115\147\037\225\364\123\321\210\150\213\272\145\207\116\016\170\024\172\166\142\020\147\234\156\005\123\125}{}% 22
\BOOKMARK [0][-]{appendix*.12}{\376\377\201\364\214\042}{}% 23
\BOOKMARK [0][-]{appendix*.13}{\376\377\117\134\200\005\173\200\116\313}{}% 24
